{"C:\\Users\\denie\\OneDrive\\Documentos\\GitHub\\Projeto-back\\ecommerceBack-end\\test\\soma.js": {"path":"C:\\Users\\denie\\OneDrive\\Documentos\\GitHub\\Projeto-back\\ecommerceBack-end\\test\\soma.js","statementMap":{"0":{"start":{"line":4,"column":4},"end":{"line":4,"column":17}},"1":{"start":{"line":7,"column":0},"end":{"line":7,"column":22}}},"fnMap":{"0":{"name":"soma","decl":{"start":{"line":3,"column":9},"end":{"line":3,"column":13}},"loc":{"start":{"line":3,"column":19},"end":{"line":5,"column":5}},"line":3}},"branchMap":{},"s":{"0":5,"1":1},"f":{"0":5},"b":{},"_coverageSchema":"1a1c01bbd47fc00a2c39e90264f33305004495a9","hash":"5753583af1e0e161cd6eb445153060fdfcb6f4ca"}
}
