{"C:\\Users\\jv150\\OneDrive\\Desktop\\Projeto\\ecommerceBack-end\\app.js": {"path":"C:\\Users\\jv150\\OneDrive\\Desktop\\Projeto\\ecommerceBack-end\\app.js","statementMap":{"0":{"start":{"line":1,"column":16},"end":{"line":1,"column":34}},"1":{"start":{"line":2,"column":12},"end":{"line":2,"column":21}},"2":{"start":{"line":3,"column":19},"end":{"line":3,"column":50}},"3":{"start":{"line":4,"column":13},"end":{"line":4,"column":28}},"4":{"start":{"line":5,"column":21},"end":{"line":5,"column":45}},"5":{"start":{"line":6,"column":22},"end":{"line":6,"column":56}},"6":{"start":{"line":9,"column":0},"end":{"line":9,"column":16}},"7":{"start":{"line":10,"column":0},"end":{"line":10,"column":24}},"8":{"start":{"line":11,"column":0},"end":{"line":11,"column":24}},"9":{"start":{"line":12,"column":0},"end":{"line":12,"column":39}},"10":{"start":{"line":13,"column":0},"end":{"line":13,"column":33}},"11":{"start":{"line":15,"column":0},"end":{"line":15,"column":21}}},"fnMap":{},"branchMap":{},"s":{"0":2,"1":2,"2":2,"3":2,"4":2,"5":2,"6":2,"7":2,"8":2,"9":2,"10":2,"11":2},"f":{},"b":{},"_coverageSchema":"1a1c01bbd47fc00a2c39e90264f33305004495a9","hash":"d06239ea4d79d07d1a840de4383a3652158d4203"}
,"C:\\Users\\jv150\\OneDrive\\Desktop\\Projeto\\ecommerceBack-end\\controllers\\authController.js": {"path":"C:\\Users\\jv150\\OneDrive\\Desktop\\Projeto\\ecommerceBack-end\\controllers\\authController.js","statementMap":{"0":{"start":{"line":1,"column":15},"end":{"line":1,"column":34}},"1":{"start":{"line":2,"column":11},"end":{"line":2,"column":31}},"2":{"start":{"line":3,"column":13},"end":{"line":3,"column":20}},"3":{"start":{"line":4,"column":21},"end":{"line":4,"column":36}},"4":{"start":{"line":9,"column":4},"end":{"line":9,"column":38}},"5":{"start":{"line":11,"column":0},"end":{"line":138,"column":2}},"6":{"start":{"line":14,"column":49},"end":{"line":14,"column":57}},"7":{"start":{"line":16,"column":4},"end":{"line":18,"column":5}},"8":{"start":{"line":17,"column":6},"end":{"line":17,"column":82}},"9":{"start":{"line":20,"column":4},"end":{"line":22,"column":5}},"10":{"start":{"line":21,"column":6},"end":{"line":21,"column":70}},"11":{"start":{"line":24,"column":4},"end":{"line":39,"column":5}},"12":{"start":{"line":25,"column":25},"end":{"line":25,"column":65}},"13":{"start":{"line":26,"column":6},"end":{"line":28,"column":7}},"14":{"start":{"line":27,"column":8},"end":{"line":27,"column":73}},"15":{"start":{"line":30,"column":29},"end":{"line":30,"column":57}},"16":{"start":{"line":31,"column":19},"end":{"line":31,"column":76}},"17":{"start":{"line":33,"column":6},"end":{"line":36,"column":9}},"18":{"start":{"line":38,"column":6},"end":{"line":38,"column":90}},"19":{"start":{"line":44,"column":29},"end":{"line":44,"column":37}},"20":{"start":{"line":46,"column":4},"end":{"line":48,"column":5}},"21":{"start":{"line":47,"column":6},"end":{"line":47,"column":80}},"22":{"start":{"line":50,"column":4},"end":{"line":88,"column":5}},"23":{"start":{"line":51,"column":19},"end":{"line":51,"column":59}},"24":{"start":{"line":52,"column":6},"end":{"line":54,"column":7}},"25":{"start":{"line":53,"column":8},"end":{"line":53,"column":75}},"26":{"start":{"line":56,"column":22},"end":{"line":56,"column":73}},"27":{"start":{"line":57,"column":26},"end":{"line":57,"column":51}},"28":{"start":{"line":58,"column":27},"end":{"line":58,"column":53}},"29":{"start":{"line":61,"column":6},"end":{"line":65,"column":9}},"30":{"start":{"line":68,"column":6},"end":{"line":73,"column":9}},"31":{"start":{"line":75,"column":6},"end":{"line":80,"column":9}},"32":{"start":{"line":82,"column":6},"end":{"line":85,"column":9}},"33":{"start":{"line":87,"column":6},"end":{"line":87,"column":95}},"34":{"start":{"line":93,"column":25},"end":{"line":93,"column":49}},"35":{"start":{"line":95,"column":4},"end":{"line":97,"column":5}},"36":{"start":{"line":96,"column":6},"end":{"line":96,"column":76}},"37":{"start":{"line":99,"column":4},"end":{"line":122,"column":5}},"38":{"start":{"line":100,"column":22},"end":{"line":100,"column":57}},"39":{"start":{"line":102,"column":25},"end":{"line":102,"column":87}},"40":{"start":{"line":103,"column":6},"end":{"line":105,"column":7}},"41":{"start":{"line":104,"column":8},"end":{"line":104,"column":85}},"42":{"start":{"line":107,"column":30},"end":{"line":110,"column":8}},"43":{"start":{"line":112,"column":6},"end":{"line":117,"column":9}},"44":{"start":{"line":119,"column":6},"end":{"line":119,"column":77}},"45":{"start":{"line":121,"column":6},"end":{"line":121,"column":83}},"46":{"start":{"line":127,"column":25},"end":{"line":127,"column":49}},"47":{"start":{"line":129,"column":4},"end":{"line":131,"column":5}},"48":{"start":{"line":130,"column":6},"end":{"line":130,"column":69}},"49":{"start":{"line":133,"column":4},"end":{"line":133,"column":35}},"50":{"start":{"line":134,"column":4},"end":{"line":134,"column":36}},"51":{"start":{"line":136,"column":4},"end":{"line":136,"column":76}}},"fnMap":{"0":{"name":"(anonymous_0)","decl":{"start":{"line":13,"column":2},"end":{"line":13,"column":3}},"loc":{"start":{"line":13,"column":27},"end":{"line":40,"column":3}},"line":13},"1":{"name":"(anonymous_1)","decl":{"start":{"line":43,"column":2},"end":{"line":43,"column":3}},"loc":{"start":{"line":43,"column":24},"end":{"line":89,"column":3}},"line":43},"2":{"name":"(anonymous_2)","decl":{"start":{"line":92,"column":2},"end":{"line":92,"column":3}},"loc":{"start":{"line":92,"column":26},"end":{"line":123,"column":3}},"line":92},"3":{"name":"(anonymous_3)","decl":{"start":{"line":126,"column":2},"end":{"line":126,"column":3}},"loc":{"start":{"line":126,"column":25},"end":{"line":137,"column":3}},"line":126}},"branchMap":{"0":{"loc":{"start":{"line":16,"column":4},"end":{"line":18,"column":5}},"type":"if","locations":[{"start":{"line":16,"column":4},"end":{"line":18,"column":5}},{"start":{},"end":{}}],"line":16},"1":{"loc":{"start":{"line":16,"column":8},"end":{"line":16,"column":50}},"type":"binary-expr","locations":[{"start":{"line":16,"column":8},"end":{"line":16,"column":14}},{"start":{"line":16,"column":18},"end":{"line":16,"column":24}},{"start":{"line":16,"column":28},"end":{"line":16,"column":41}},{"start":{"line":16,"column":45},"end":{"line":16,"column":50}}],"line":16},"2":{"loc":{"start":{"line":20,"column":4},"end":{"line":22,"column":5}},"type":"if","locations":[{"start":{"line":20,"column":4},"end":{"line":22,"column":5}},{"start":{},"end":{}}],"line":20},"3":{"loc":{"start":{"line":26,"column":6},"end":{"line":28,"column":7}},"type":"if","locations":[{"start":{"line":26,"column":6},"end":{"line":28,"column":7}},{"start":{},"end":{}}],"line":26},"4":{"loc":{"start":{"line":46,"column":4},"end":{"line":48,"column":5}},"type":"if","locations":[{"start":{"line":46,"column":4},"end":{"line":48,"column":5}},{"start":{},"end":{}}],"line":46},"5":{"loc":{"start":{"line":46,"column":8},"end":{"line":46,"column":24}},"type":"binary-expr","locations":[{"start":{"line":46,"column":8},"end":{"line":46,"column":14}},{"start":{"line":46,"column":18},"end":{"line":46,"column":24}}],"line":46},"6":{"loc":{"start":{"line":52,"column":6},"end":{"line":54,"column":7}},"type":"if","locations":[{"start":{"line":52,"column":6},"end":{"line":54,"column":7}},{"start":{},"end":{}}],"line":52},"7":{"loc":{"start":{"line":52,"column":10},"end":{"line":52,"column":61}},"type":"binary-expr","locations":[{"start":{"line":52,"column":10},"end":{"line":52,"column":15}},{"start":{"line":52,"column":19},"end":{"line":52,"column":61}}],"line":52},"8":{"loc":{"start":{"line":95,"column":4},"end":{"line":97,"column":5}},"type":"if","locations":[{"start":{"line":95,"column":4},"end":{"line":97,"column":5}},{"start":{},"end":{}}],"line":95},"9":{"loc":{"start":{"line":103,"column":6},"end":{"line":105,"column":7}},"type":"if","locations":[{"start":{"line":103,"column":6},"end":{"line":105,"column":7}},{"start":{},"end":{}}],"line":103},"10":{"loc":{"start":{"line":129,"column":4},"end":{"line":131,"column":5}},"type":"if","locations":[{"start":{"line":129,"column":4},"end":{"line":131,"column":5}},{"start":{},"end":{}}],"line":129}},"s":{"0":2,"1":2,"2":2,"3":2,"4":2,"5":2,"6":0,"7":0,"8":0,"9":0,"10":0,"11":0,"12":0,"13":0,"14":0,"15":0,"16":0,"17":0,"18":0,"19":4,"20":4,"21":0,"22":4,"23":4,"24":4,"25":2,"26":2,"27":2,"28":2,"29":2,"30":2,"31":2,"32":2,"33":0,"34":0,"35":0,"36":0,"37":0,"38":0,"39":0,"40":0,"41":0,"42":0,"43":0,"44":0,"45":0,"46":0,"47":0,"48":0,"49":0,"50":0,"51":0},"f":{"0":0,"1":4,"2":0,"3":0},"b":{"0":[0,0],"1":[0,0,0,0],"2":[0,0],"3":[0,0],"4":[0,4],"5":[4,4],"6":[2,2],"7":[4,3],"8":[0,0],"9":[0,0],"10":[0,0]},"_coverageSchema":"1a1c01bbd47fc00a2c39e90264f33305004495a9","hash":"7ca6b12d7411512c34538c8bef1ded1cf5d9efd2"}
,"C:\\Users\\jv150\\OneDrive\\Desktop\\Projeto\\ecommerceBack-end\\middlewares\\auth.js": {"path":"C:\\Users\\jv150\\OneDrive\\Desktop\\Projeto\\ecommerceBack-end\\middlewares\\auth.js","statementMap":{"0":{"start":{"line":1,"column":33},"end":{"line":1,"column":67}},"1":{"start":{"line":3,"column":0},"end":{"line":21,"column":2}},"2":{"start":{"line":6,"column":4},"end":{"line":9,"column":13}},"3":{"start":{"line":11,"column":2},"end":{"line":13,"column":3}},"4":{"start":{"line":12,"column":4},"end":{"line":12,"column":77}},"5":{"start":{"line":15,"column":2},"end":{"line":20,"column":3}},"6":{"start":{"line":16,"column":4},"end":{"line":16,"column":43}},"7":{"start":{"line":17,"column":4},"end":{"line":17,"column":11}},"8":{"start":{"line":19,"column":4},"end":{"line":19,"column":73}}},"fnMap":{"0":{"name":"(anonymous_0)","decl":{"start":{"line":3,"column":17},"end":{"line":3,"column":18}},"loc":{"start":{"line":3,"column":37},"end":{"line":21,"column":1}},"line":3}},"branchMap":{"0":{"loc":{"start":{"line":6,"column":4},"end":{"line":9,"column":13}},"type":"binary-expr","locations":[{"start":{"line":6,"column":4},"end":{"line":6,"column":28}},{"start":{"line":7,"column":5},"end":{"line":9,"column":12}}],"line":6},"1":{"loc":{"start":{"line":7,"column":5},"end":{"line":9,"column":12}},"type":"cond-expr","locations":[{"start":{"line":8,"column":8},"end":{"line":8,"column":47}},{"start":{"line":9,"column":8},"end":{"line":9,"column":12}}],"line":7},"2":{"loc":{"start":{"line":11,"column":2},"end":{"line":13,"column":3}},"type":"if","locations":[{"start":{"line":11,"column":2},"end":{"line":13,"column":3}},{"start":{},"end":{}}],"line":11}},"s":{"0":2,"1":2,"2":3,"3":3,"4":0,"5":3,"6":3,"7":3,"8":0},"f":{"0":3},"b":{"0":[3,0],"1":[0,0],"2":[0,3]},"_coverageSchema":"1a1c01bbd47fc00a2c39e90264f33305004495a9","hash":"59cf1c64fd9a1d985c58a06ca50f5575ed86f81e"}
,"C:\\Users\\jv150\\OneDrive\\Desktop\\Projeto\\ecommerceBack-end\\middlewares\\autorizar.js": {"path":"C:\\Users\\jv150\\OneDrive\\Desktop\\Projeto\\ecommerceBack-end\\middlewares\\autorizar.js","statementMap":{"0":{"start":{"line":1,"column":0},"end":{"line":8,"column":2}},"1":{"start":{"line":2,"column":2},"end":{"line":7,"column":4}},"2":{"start":{"line":3,"column":4},"end":{"line":5,"column":5}},"3":{"start":{"line":4,"column":6},"end":{"line":4,"column":70}},"4":{"start":{"line":6,"column":4},"end":{"line":6,"column":11}}},"fnMap":{"0":{"name":"(anonymous_0)","decl":{"start":{"line":1,"column":17},"end":{"line":1,"column":18}},"loc":{"start":{"line":1,"column":41},"end":{"line":8,"column":1}},"line":1},"1":{"name":"(anonymous_1)","decl":{"start":{"line":2,"column":9},"end":{"line":2,"column":10}},"loc":{"start":{"line":2,"column":29},"end":{"line":7,"column":3}},"line":2}},"branchMap":{"0":{"loc":{"start":{"line":3,"column":4},"end":{"line":5,"column":5}},"type":"if","locations":[{"start":{"line":3,"column":4},"end":{"line":5,"column":5}},{"start":{},"end":{}}],"line":3},"1":{"loc":{"start":{"line":3,"column":8},"end":{"line":3,"column":61}},"type":"binary-expr","locations":[{"start":{"line":3,"column":8},"end":{"line":3,"column":17}},{"start":{"line":3,"column":21},"end":{"line":3,"column":61}}],"line":3}},"s":{"0":2,"1":4,"2":0,"3":0,"4":0},"f":{"0":4,"1":0},"b":{"0":[0,0],"1":[0,0]},"_coverageSchema":"1a1c01bbd47fc00a2c39e90264f33305004495a9","hash":"88de984dd1adbcab3a29ebb9f1d1044a32486944"}
,"C:\\Users\\jv150\\OneDrive\\Desktop\\Projeto\\ecommerceBack-end\\models\\index.js": {"path":"C:\\Users\\jv150\\OneDrive\\Desktop\\Projeto\\ecommerceBack-end\\models\\index.js","statementMap":{"0":{"start":{"line":3,"column":11},"end":{"line":3,"column":24}},"1":{"start":{"line":4,"column":13},"end":{"line":4,"column":28}},"2":{"start":{"line":5,"column":18},"end":{"line":5,"column":38}},"3":{"start":{"line":6,"column":17},"end":{"line":6,"column":42}},"4":{"start":{"line":7,"column":12},"end":{"line":7,"column":49}},"5":{"start":{"line":8,"column":15},"end":{"line":8,"column":65}},"6":{"start":{"line":10,"column":11},"end":{"line":10,"column":13}},"7":{"start":{"line":13,"column":0},"end":{"line":17,"column":1}},"8":{"start":{"line":14,"column":2},"end":{"line":14,"column":74}},"9":{"start":{"line":16,"column":2},"end":{"line":16,"column":87}},"10":{"start":{"line":20,"column":0},"end":{"line":28,"column":5}},"11":{"start":{"line":23,"column":4},"end":{"line":23,"column":84}},"12":{"start":{"line":26,"column":18},"end":{"line":26,"column":85}},"13":{"start":{"line":27,"column":4},"end":{"line":27,"column":27}},"14":{"start":{"line":30,"column":0},"end":{"line":32,"column":1}},"15":{"start":{"line":31,"column":2},"end":{"line":31,"column":64}},"16":{"start":{"line":34,"column":0},"end":{"line":38,"column":3}},"17":{"start":{"line":35,"column":2},"end":{"line":37,"column":3}},"18":{"start":{"line":36,"column":4},"end":{"line":36,"column":32}},"19":{"start":{"line":40,"column":0},"end":{"line":40,"column":25}},"20":{"start":{"line":41,"column":0},"end":{"line":41,"column":25}},"21":{"start":{"line":43,"column":0},"end":{"line":43,"column":20}}},"fnMap":{"0":{"name":"(anonymous_0)","decl":{"start":{"line":22,"column":10},"end":{"line":22,"column":11}},"loc":{"start":{"line":22,"column":18},"end":{"line":24,"column":3}},"line":22},"1":{"name":"(anonymous_1)","decl":{"start":{"line":25,"column":11},"end":{"line":25,"column":12}},"loc":{"start":{"line":25,"column":19},"end":{"line":28,"column":3}},"line":25},"2":{"name":"(anonymous_2)","decl":{"start":{"line":34,"column":24},"end":{"line":34,"column":25}},"loc":{"start":{"line":34,"column":37},"end":{"line":38,"column":1}},"line":34}},"branchMap":{"0":{"loc":{"start":{"line":7,"column":12},"end":{"line":7,"column":49}},"type":"binary-expr","locations":[{"start":{"line":7,"column":12},"end":{"line":7,"column":32}},{"start":{"line":7,"column":36},"end":{"line":7,"column":49}}],"line":7},"1":{"loc":{"start":{"line":13,"column":0},"end":{"line":17,"column":1}},"type":"if","locations":[{"start":{"line":13,"column":0},"end":{"line":17,"column":1}},{"start":{"line":15,"column":7},"end":{"line":17,"column":1}}],"line":13},"2":{"loc":{"start":{"line":23,"column":11},"end":{"line":23,"column":83}},"type":"binary-expr","locations":[{"start":{"line":23,"column":11},"end":{"line":23,"column":34}},{"start":{"line":23,"column":38},"end":{"line":23,"column":55}},{"start":{"line":23,"column":59},"end":{"line":23,"column":83}}],"line":23},"3":{"loc":{"start":{"line":30,"column":0},"end":{"line":32,"column":1}},"type":"if","locations":[{"start":{"line":30,"column":0},"end":{"line":32,"column":1}},{"start":{},"end":{}}],"line":30},"4":{"loc":{"start":{"line":35,"column":2},"end":{"line":37,"column":3}},"type":"if","locations":[{"start":{"line":35,"column":2},"end":{"line":37,"column":3}},{"start":{},"end":{}}],"line":35}},"s":{"0":2,"1":2,"2":2,"3":2,"4":2,"5":2,"6":2,"7":2,"8":0,"9":2,"10":2,"11":6,"12":4,"13":4,"14":2,"15":0,"16":2,"17":4,"18":4,"19":2,"20":2,"21":2},"f":{"0":6,"1":4,"2":4},"b":{"0":[2,0],"1":[0,2],"2":[6,6,4],"3":[0,2],"4":[4,0]},"_coverageSchema":"1a1c01bbd47fc00a2c39e90264f33305004495a9","hash":"fdf0e7901f0fd7136b191cd067457b7f4e0dd115"}
,"C:\\Users\\jv150\\OneDrive\\Desktop\\Projeto\\ecommerceBack-end\\models\\refreshtoken.js": {"path":"C:\\Users\\jv150\\OneDrive\\Desktop\\Projeto\\ecommerceBack-end\\models\\refreshtoken.js","statementMap":{"0":{"start":{"line":2,"column":0},"end":{"line":26,"column":2}},"1":{"start":{"line":3,"column":23},"end":{"line":16,"column":8}},"2":{"start":{"line":18,"column":2},"end":{"line":23,"column":4}},"3":{"start":{"line":19,"column":4},"end":{"line":22,"column":7}},"4":{"start":{"line":25,"column":2},"end":{"line":25,"column":22}}},"fnMap":{"0":{"name":"(anonymous_0)","decl":{"start":{"line":2,"column":17},"end":{"line":2,"column":18}},"loc":{"start":{"line":2,"column":43},"end":{"line":26,"column":1}},"line":2},"1":{"name":"(anonymous_1)","decl":{"start":{"line":18,"column":27},"end":{"line":18,"column":28}},"loc":{"start":{"line":18,"column":44},"end":{"line":23,"column":3}},"line":18}},"branchMap":{},"s":{"0":2,"1":2,"2":2,"3":2,"4":2},"f":{"0":2,"1":2},"b":{},"_coverageSchema":"1a1c01bbd47fc00a2c39e90264f33305004495a9","hash":"0c7965cdd38a4755f858e1b2c50dc877b3e8acda"}
,"C:\\Users\\jv150\\OneDrive\\Desktop\\Projeto\\ecommerceBack-end\\models\\user.js": {"path":"C:\\Users\\jv150\\OneDrive\\Desktop\\Projeto\\ecommerceBack-end\\models\\user.js","statementMap":{"0":{"start":{"line":4,"column":4},"end":{"line":4,"column":24}},"1":{"start":{"line":5,"column":0},"end":{"line":25,"column":2}},"2":{"start":{"line":16,"column":2},"end":{"line":23,"column":5}},"3":{"start":{"line":24,"column":2},"end":{"line":24,"column":14}}},"fnMap":{"0":{"name":"(anonymous_0)","decl":{"start":{"line":5,"column":17},"end":{"line":5,"column":18}},"loc":{"start":{"line":5,"column":43},"end":{"line":25,"column":1}},"line":5},"1":{"name":"(anonymous_1)","decl":{"start":{"line":12,"column":4},"end":{"line":12,"column":5}},"loc":{"start":{"line":12,"column":29},"end":{"line":14,"column":5}},"line":12}},"branchMap":{},"s":{"0":2,"1":2,"2":2,"3":2},"f":{"0":2,"1":2},"b":{},"_coverageSchema":"1a1c01bbd47fc00a2c39e90264f33305004495a9","hash":"3c8436e0854622edcf338abe94b8bdd5cc7342b3"}
,"C:\\Users\\jv150\\OneDrive\\Desktop\\Projeto\\ecommerceBack-end\\routes\\auth.routes.js": {"path":"C:\\Users\\jv150\\OneDrive\\Desktop\\Projeto\\ecommerceBack-end\\routes\\auth.routes.js","statementMap":{"0":{"start":{"line":1,"column":16},"end":{"line":1,"column":34}},"1":{"start":{"line":2,"column":15},"end":{"line":2,"column":31}},"2":{"start":{"line":3,"column":23},"end":{"line":3,"column":63}},"3":{"start":{"line":4,"column":13},"end":{"line":4,"column":43}},"4":{"start":{"line":5,"column":18},"end":{"line":5,"column":53}},"5":{"start":{"line":8,"column":0},"end":{"line":10,"column":3}},"6":{"start":{"line":9,"column":2},"end":{"line":9,"column":63}},"7":{"start":{"line":12,"column":0},"end":{"line":14,"column":3}},"8":{"start":{"line":13,"column":2},"end":{"line":13,"column":69}},"9":{"start":{"line":17,"column":0},"end":{"line":17,"column":50}},"10":{"start":{"line":18,"column":0},"end":{"line":18,"column":44}},"11":{"start":{"line":19,"column":0},"end":{"line":19,"column":48}},"12":{"start":{"line":20,"column":0},"end":{"line":20,"column":46}},"13":{"start":{"line":22,"column":0},"end":{"line":22,"column":24}}},"fnMap":{"0":{"name":"(anonymous_0)","decl":{"start":{"line":8,"column":57},"end":{"line":8,"column":58}},"loc":{"start":{"line":8,"column":71},"end":{"line":10,"column":1}},"line":8},"1":{"name":"(anonymous_1)","decl":{"start":{"line":12,"column":64},"end":{"line":12,"column":65}},"loc":{"start":{"line":12,"column":78},"end":{"line":14,"column":1}},"line":12}},"branchMap":{},"s":{"0":2,"1":2,"2":2,"3":2,"4":2,"5":2,"6":0,"7":2,"8":0,"9":2,"10":2,"11":2,"12":2,"13":2},"f":{"0":0,"1":0},"b":{},"_coverageSchema":"1a1c01bbd47fc00a2c39e90264f33305004495a9","hash":"d6e5da2ec90b86bd5264e2e191bc51eca8ad7c89"}
,"C:\\Users\\jv150\\OneDrive\\Desktop\\Projeto\\ecommerceBack-end\\routes\\sessoes.routes.js": {"path":"C:\\Users\\jv150\\OneDrive\\Desktop\\Projeto\\ecommerceBack-end\\routes\\sessoes.routes.js","statementMap":{"0":{"start":{"line":1,"column":16},"end":{"line":1,"column":34}},"1":{"start":{"line":2,"column":15},"end":{"line":2,"column":31}},"2":{"start":{"line":3,"column":31},"end":{"line":3,"column":51}},"3":{"start":{"line":4,"column":13},"end":{"line":4,"column":43}},"4":{"start":{"line":7,"column":0},"end":{"line":33,"column":3}},"5":{"start":{"line":8,"column":19},"end":{"line":8,"column":32}},"6":{"start":{"line":11,"column":2},"end":{"line":13,"column":3}},"7":{"start":{"line":12,"column":4},"end":{"line":12,"column":68}},"8":{"start":{"line":15,"column":2},"end":{"line":32,"column":3}},"9":{"start":{"line":16,"column":18},"end":{"line":16,"column":55}},"10":{"start":{"line":18,"column":4},"end":{"line":20,"column":5}},"11":{"start":{"line":19,"column":6},"end":{"line":19,"column":70}},"12":{"start":{"line":23,"column":4},"end":{"line":25,"column":5}},"13":{"start":{"line":24,"column":6},"end":{"line":24,"column":83}},"14":{"start":{"line":27,"column":4},"end":{"line":27,"column":26}},"15":{"start":{"line":29,"column":4},"end":{"line":29,"column":77}},"16":{"start":{"line":31,"column":4},"end":{"line":31,"column":94}},"17":{"start":{"line":35,"column":0},"end":{"line":35,"column":24}}},"fnMap":{"0":{"name":"(anonymous_0)","decl":{"start":{"line":7,"column":28},"end":{"line":7,"column":29}},"loc":{"start":{"line":7,"column":48},"end":{"line":33,"column":1}},"line":7}},"branchMap":{"0":{"loc":{"start":{"line":11,"column":2},"end":{"line":13,"column":3}},"type":"if","locations":[{"start":{"line":11,"column":2},"end":{"line":13,"column":3}},{"start":{},"end":{}}],"line":11},"1":{"loc":{"start":{"line":18,"column":4},"end":{"line":20,"column":5}},"type":"if","locations":[{"start":{"line":18,"column":4},"end":{"line":20,"column":5}},{"start":{},"end":{}}],"line":18},"2":{"loc":{"start":{"line":23,"column":4},"end":{"line":25,"column":5}},"type":"if","locations":[{"start":{"line":23,"column":4},"end":{"line":25,"column":5}},{"start":{},"end":{}}],"line":23}},"s":{"0":2,"1":2,"2":2,"3":2,"4":2,"5":3,"6":3,"7":1,"8":2,"9":2,"10":2,"11":0,"12":2,"13":1,"14":1,"15":1,"16":0,"17":2},"f":{"0":3},"b":{"0":[1,2],"1":[0,2],"2":[1,1]},"_coverageSchema":"1a1c01bbd47fc00a2c39e90264f33305004495a9","hash":"589de2976b605be19d67ef2adf82762786240b4e"}
,"C:\\Users\\jv150\\OneDrive\\Desktop\\Projeto\\ecommerceBack-end\\services\\jwt_service.js": {"path":"C:\\Users\\jv150\\OneDrive\\Desktop\\Projeto\\ecommerceBack-end\\services\\jwt_service.js","statementMap":{"0":{"start":{"line":1,"column":12},"end":{"line":1,"column":35}},"1":{"start":{"line":3,"column":16},"end":{"line":3,"column":72}},"2":{"start":{"line":6,"column":2},"end":{"line":6,"column":57}},"3":{"start":{"line":10,"column":2},"end":{"line":10,"column":57}},"4":{"start":{"line":14,"column":2},"end":{"line":14,"column":36}},"5":{"start":{"line":18,"column":2},"end":{"line":18,"column":36}},"6":{"start":{"line":21,"column":0},"end":{"line":26,"column":2}}},"fnMap":{"0":{"name":"gerarAccessToken","decl":{"start":{"line":5,"column":9},"end":{"line":5,"column":25}},"loc":{"start":{"line":5,"column":35},"end":{"line":7,"column":1}},"line":5},"1":{"name":"gerarRefreshToken","decl":{"start":{"line":9,"column":9},"end":{"line":9,"column":26}},"loc":{"start":{"line":9,"column":36},"end":{"line":11,"column":1}},"line":9},"2":{"name":"verificarAccessToken","decl":{"start":{"line":13,"column":9},"end":{"line":13,"column":29}},"loc":{"start":{"line":13,"column":37},"end":{"line":15,"column":1}},"line":13},"3":{"name":"verificarRefreshToken","decl":{"start":{"line":17,"column":9},"end":{"line":17,"column":30}},"loc":{"start":{"line":17,"column":38},"end":{"line":19,"column":1}},"line":17}},"branchMap":{"0":{"loc":{"start":{"line":3,"column":16},"end":{"line":3,"column":72}},"type":"binary-expr","locations":[{"start":{"line":3,"column":16},"end":{"line":3,"column":38}},{"start":{"line":3,"column":42},"end":{"line":3,"column":72}}],"line":3}},"s":{"0":2,"1":2,"2":2,"3":2,"4":3,"5":0,"6":2},"f":{"0":2,"1":2,"2":3,"3":0},"b":{"0":[2,2]},"_coverageSchema":"1a1c01bbd47fc00a2c39e90264f33305004495a9","hash":"9f8a3dfd683ba4932b7a7cb4c94916dba8bcd65a"}
}
