TN:
SF:app.js
FNF:0
FNH:0
DA:1,2
DA:2,2
DA:3,2
DA:4,2
DA:5,2
DA:6,2
DA:9,2
DA:10,2
DA:11,2
DA:12,2
DA:13,2
DA:15,2
LF:12
LH:12
BRF:0
BRH:0
end_of_record
TN:
SF:controllers\authController.js
FN:13,(anonymous_0)
FN:43,(anonymous_1)
FN:92,(anonymous_2)
FN:126,(anonymous_3)
FNF:4
FNH:1
FNDA:0,(anonymous_0)
FNDA:4,(anonymous_1)
FNDA:0,(anonymous_2)
FNDA:0,(anonymous_3)
DA:1,2
DA:2,2
DA:3,2
DA:4,2
DA:9,2
DA:11,2
DA:14,0
DA:16,0
DA:17,0
DA:20,0
DA:21,0
DA:24,0
DA:25,0
DA:26,0
DA:27,0
DA:30,0
DA:31,0
DA:33,0
DA:38,0
DA:44,4
DA:46,4
DA:47,0
DA:50,4
DA:51,4
DA:52,4
DA:53,2
DA:56,2
DA:57,2
DA:58,2
DA:61,2
DA:68,2
DA:75,2
DA:82,2
DA:87,0
DA:93,0
DA:95,0
DA:96,0
DA:99,0
DA:100,0
DA:102,0
DA:103,0
DA:104,0
DA:107,0
DA:112,0
DA:119,0
DA:121,0
DA:127,0
DA:129,0
DA:130,0
DA:133,0
DA:134,0
DA:136,0
LF:52
LH:19
BRDA:16,0,0,0
BRDA:16,0,1,0
BRDA:16,1,0,0
BRDA:16,1,1,0
BRDA:16,1,2,0
BRDA:16,1,3,0
BRDA:20,2,0,0
BRDA:20,2,1,0
BRDA:26,3,0,0
BRDA:26,3,1,0
BRDA:46,4,0,0
BRDA:46,4,1,4
BRDA:46,5,0,4
BRDA:46,5,1,4
BRDA:52,6,0,2
BRDA:52,6,1,2
BRDA:52,7,0,4
BRDA:52,7,1,3
BRDA:95,8,0,0
BRDA:95,8,1,0
BRDA:103,9,0,0
BRDA:103,9,1,0
BRDA:129,10,0,0
BRDA:129,10,1,0
BRF:24
BRH:7
end_of_record
TN:
SF:middlewares\auth.js
FN:3,(anonymous_0)
FNF:1
FNH:1
FNDA:3,(anonymous_0)
DA:1,2
DA:3,2
DA:6,3
DA:11,3
DA:12,0
DA:15,3
DA:16,3
DA:17,3
DA:19,0
LF:9
LH:7
BRDA:6,0,0,3
BRDA:6,0,1,0
BRDA:7,1,0,0
BRDA:7,1,1,0
BRDA:11,2,0,0
BRDA:11,2,1,3
BRF:6
BRH:2
end_of_record
TN:
SF:middlewares\autorizar.js
FN:1,(anonymous_0)
FN:2,(anonymous_1)
FNF:2
FNH:1
FNDA:4,(anonymous_0)
FNDA:0,(anonymous_1)
DA:1,2
DA:2,4
DA:3,0
DA:4,0
DA:6,0
LF:5
LH:2
BRDA:3,0,0,0
BRDA:3,0,1,0
BRDA:3,1,0,0
BRDA:3,1,1,0
BRF:4
BRH:0
end_of_record
TN:
SF:models\index.js
FN:22,(anonymous_0)
FN:25,(anonymous_1)
FN:34,(anonymous_2)
FNF:3
FNH:3
FNDA:6,(anonymous_0)
FNDA:4,(anonymous_1)
FNDA:4,(anonymous_2)
DA:3,2
DA:4,2
DA:5,2
DA:6,2
DA:7,2
DA:8,2
DA:10,2
DA:13,2
DA:14,0
DA:16,2
DA:20,2
DA:23,6
DA:26,4
DA:27,4
DA:30,2
DA:31,0
DA:34,2
DA:35,4
DA:36,4
DA:40,2
DA:41,2
DA:43,2
LF:22
LH:20
BRDA:7,0,0,2
BRDA:7,0,1,0
BRDA:13,1,0,0
BRDA:13,1,1,2
BRDA:23,2,0,6
BRDA:23,2,1,6
BRDA:23,2,2,4
BRDA:30,3,0,0
BRDA:30,3,1,2
BRDA:35,4,0,4
BRDA:35,4,1,0
BRF:11
BRH:7
end_of_record
TN:
SF:models\refreshtoken.js
FN:2,(anonymous_0)
FN:18,(anonymous_1)
FNF:2
FNH:2
FNDA:2,(anonymous_0)
FNDA:2,(anonymous_1)
DA:2,2
DA:3,2
DA:18,2
DA:19,2
DA:25,2
LF:5
LH:5
BRF:0
BRH:0
end_of_record
TN:
SF:models\user.js
FN:5,(anonymous_0)
FN:12,(anonymous_1)
FNF:2
FNH:2
FNDA:2,(anonymous_0)
FNDA:2,(anonymous_1)
DA:4,2
DA:5,2
DA:16,2
DA:24,2
LF:4
LH:4
BRF:0
BRH:0
end_of_record
TN:
SF:routes\auth.routes.js
FN:8,(anonymous_0)
FN:12,(anonymous_1)
FNF:2
FNH:0
FNDA:0,(anonymous_0)
FNDA:0,(anonymous_1)
DA:1,2
DA:2,2
DA:3,2
DA:4,2
DA:5,2
DA:8,2
DA:9,0
DA:12,2
DA:13,0
DA:17,2
DA:18,2
DA:19,2
DA:20,2
DA:22,2
LF:14
LH:12
BRF:0
BRH:0
end_of_record
TN:
SF:routes\sessoes.routes.js
FN:7,(anonymous_0)
FNF:1
FNH:1
FNDA:3,(anonymous_0)
DA:1,2
DA:2,2
DA:3,2
DA:4,2
DA:7,2
DA:8,3
DA:11,3
DA:12,1
DA:15,2
DA:16,2
DA:18,2
DA:19,0
DA:23,2
DA:24,1
DA:27,1
DA:29,1
DA:31,0
DA:35,2
LF:18
LH:16
BRDA:11,0,0,1
BRDA:11,0,1,2
BRDA:18,1,0,0
BRDA:18,1,1,2
BRDA:23,2,0,1
BRDA:23,2,1,1
BRF:6
BRH:5
end_of_record
TN:
SF:services\jwt_service.js
FN:5,gerarAccessToken
FN:9,gerarRefreshToken
FN:13,verificarAccessToken
FN:17,verificarRefreshToken
FNF:4
FNH:3
FNDA:2,gerarAccessToken
FNDA:2,gerarRefreshToken
FNDA:3,verificarAccessToken
FNDA:0,verificarRefreshToken
DA:1,2
DA:3,2
DA:6,2
DA:10,2
DA:14,3
DA:18,0
DA:21,2
LF:7
LH:6
BRDA:3,0,0,2
BRDA:3,0,1,2
BRF:2
BRH:2
end_of_record
